<?xml version="1.0" encoding="UTF-8"?>
<testng-results skipped="4" failed="1" ignored="5" total="54" passed="44">
  <reporter-output>
  </reporter-output>
  <suite name="suite1" duration-ms="1513130" started-at="2018-04-11T06:38:28Z" finished-at="2018-04-11T07:03:41Z">
    <groups>
    </groups>
    <test name="test1" duration-ms="1513130" started-at="2018-04-11T06:38:28Z" finished-at="2018-04-11T07:03:41Z">
      <class name="testCases.TeleCallerEntryAppointment">
        <test-method status="PASS" signature="loginTest(java.util.Hashtable)[pri:0, instance:testCases.TeleCallerEntryAppointment@5faeada1]" name="loginTest" duration-ms="38028" started-at="2018-04-11T12:15:35Z" data-provider="getData" finished-at="2018-04-11T12:16:13Z">
          <params>
            <param index="0">
              <value>
                <![CDATA[{DayValue=12, FinalStatusSelect=Call Back, FinalStatusSelect1=Appointment, AppointmentTime=20:15, Runmode=Y, ContactNumber=9090909090, CustomerMobileNo=9000000108, RNRAttempt3=asdf#$%^&, CotactPersonName=AkshayB, popUpSuccessMsg=Customer information updated successfully, RNRAttempt2=asdf323@#######, RNRAttempt1=asdfasdf3234asdf, Password=Uat@1234, UserId=3000, CustomerName=SreekanthI, Browser=Chrome}]]>
              </value>
            </param>
          </params>
          <reporter-output>
          </reporter-output>
        </test-method> <!-- loginTest -->
        <test-method status="PASS" signature="loginTest(java.util.Hashtable)[pri:0, instance:testCases.TeleCallerEntryAppointment@5faeada1]" name="loginTest" duration-ms="37838" started-at="2018-04-11T12:16:13Z" data-provider="getData" finished-at="2018-04-11T12:16:51Z">
          <params>
            <param index="0">
              <value>
                <![CDATA[{DayValue=13, FinalStatusSelect=Customer Hang-Up the call, FinalStatusSelect1=Appointment, AppointmentTime=20:15, Runmode=Y, ContactNumber=9090909090, CustomerMobileNo=9000000109, RNRAttempt3=Attempt3, CotactPersonName=AkshayB, popUpSuccessMsg=Customer information updated successfully, RNRAttempt2=Attempt2, RNRAttempt1=Attempt1, Password=Uat@1234, UserId=3000, CustomerName=SreekanthJ, Browser=Chrome}]]>
              </value>
            </param>
          </params>
          <reporter-output>
          </reporter-output>
        </test-method> <!-- loginTest -->
        <test-method status="PASS" signature="loginTest(java.util.Hashtable)[pri:0, instance:testCases.TeleCallerEntryAppointment@5faeada1]" name="loginTest" duration-ms="37971" started-at="2018-04-11T12:16:51Z" data-provider="getData" finished-at="2018-04-11T12:17:29Z">
          <params>
            <param index="0">
              <value>
                <![CDATA[{DayValue=14, FinalStatusSelect=Not Interested, FinalStatusSelect1=Appointment, AppointmentTime=20:15, Runmode=Y, ContactNumber=9090909090, CustomerMobileNo=9000000110, RNRAttempt3=asdf#$%^&, CotactPersonName=AkshayB, popUpSuccessMsg=Customer information updated successfully, RNRAttempt2=234as!@#$(&%), RNRAttempt1=Attempt!@#$6789\, Password=Uat@1234, UserId=3000, CustomerName=SreekanthK, Browser=Chrome}]]>
              </value>
            </param>
          </params>
          <reporter-output>
          </reporter-output>
        </test-method> <!-- loginTest -->
        <test-method status="PASS" signature="loginTest(java.util.Hashtable)[pri:0, instance:testCases.TeleCallerEntryAppointment@5faeada1]" name="loginTest" duration-ms="37812" started-at="2018-04-11T12:17:29Z" data-provider="getData" finished-at="2018-04-11T12:18:06Z">
          <params>
            <param index="0">
              <value>
                <![CDATA[{DayValue=15, FinalStatusSelect=Invalid Number, FinalStatusSelect1=Appointment, AppointmentTime=20:15, Runmode=Y, ContactNumber=9090909090, CustomerMobileNo=9000000111, RNRAttempt3=Attempt3, CotactPersonName=AkshayB, popUpSuccessMsg=Customer information updated successfully, RNRAttempt2=Attempt2, RNRAttempt1=Attempt1, Password=Uat@1234, UserId=3000, CustomerName=SreekanthL, Browser=Chrome}]]>
              </value>
            </param>
          </params>
          <reporter-output>
          </reporter-output>
        </test-method> <!-- loginTest -->
        <test-method status="PASS" signature="loginTest(java.util.Hashtable)[pri:0, instance:testCases.TeleCallerEntryAppointment@5faeada1]" name="loginTest" duration-ms="40667" started-at="2018-04-11T12:18:06Z" data-provider="getData" finished-at="2018-04-11T12:18:47Z">
          <params>
            <param index="0">
              <value>
                <![CDATA[{DayValue=16, FinalStatusSelect=Wrong Number, FinalStatusSelect1=Appointment, AppointmentTime=20:15, Runmode=Y, ContactNumber=9090909090, CustomerMobileNo=9000000112, RNRAttempt3=Attempt3, CotactPersonName=AkshayB, popUpSuccessMsg=Customer information updated successfully, RNRAttempt2=Attempt2, RNRAttempt1=Attempt1, Password=Uat@1234, UserId=3000, CustomerName=SreekanthM, Browser=Chrome}]]>
              </value>
            </param>
          </params>
          <reporter-output>
          </reporter-output>
        </test-method> <!-- loginTest -->
        <test-method status="PASS" signature="loginTest(java.util.Hashtable)[pri:0, instance:testCases.TeleCallerEntryAppointment@5faeada1]" name="loginTest" duration-ms="37785" started-at="2018-04-11T12:18:47Z" data-provider="getData" finished-at="2018-04-11T12:19:25Z">
          <params>
            <param index="0">
              <value>
                <![CDATA[{DayValue=12, FinalStatusSelect=Switch Off, FinalStatusSelect1=Appointment, AppointmentTime=20:15, Runmode=Y, ContactNumber=9090909090, CustomerMobileNo=9000000113, RNRAttempt3=asdf#$%^&, CotactPersonName=AkshayB, popUpSuccessMsg=Customer information updated successfully, RNRAttempt2=234as!@#$(&%), RNRAttempt1=Attempt!@#$6789\, Password=Uat@1234, UserId=3000, CustomerName=SreekanthN, Browser=Chrome}]]>
              </value>
            </param>
          </params>
          <reporter-output>
          </reporter-output>
        </test-method> <!-- loginTest -->
        <test-method status="PASS" signature="loginTest(java.util.Hashtable)[pri:0, instance:testCases.TeleCallerEntryAppointment@5faeada1]" name="loginTest" duration-ms="37431" started-at="2018-04-11T12:19:25Z" data-provider="getData" finished-at="2018-04-11T12:20:02Z">
          <params>
            <param index="0">
              <value>
                <![CDATA[{DayValue=13, FinalStatusSelect=RNR, FinalStatusSelect1=Appointment, AppointmentTime=20:15, Runmode=Y, ContactNumber=9090909090, CustomerMobileNo=9000000114, RNRAttempt3=Attempt3, CotactPersonName=AkshayB, popUpSuccessMsg=Customer information updated successfully, RNRAttempt2=Attempt2, RNRAttempt1=Attempt1, Password=Uat@1234, UserId=3000, CustomerName=SreekanthO, Browser=Chrome}]]>
              </value>
            </param>
          </params>
          <reporter-output>
          </reporter-output>
        </test-method> <!-- loginTest -->
        <test-method status="PASS" signature="loginTest(java.util.Hashtable)[pri:0, instance:testCases.TeleCallerEntryAppointment@5faeada1]" name="loginTest" duration-ms="37725" started-at="2018-04-11T12:20:02Z" data-provider="getData" finished-at="2018-04-11T12:20:40Z">
          <params>
            <param index="0">
              <value>
                <![CDATA[{DayValue=14, FinalStatusSelect=Pending with FE, FinalStatusSelect1=Appointment, AppointmentTime=20:15, Runmode=Y, ContactNumber=9090909090, CustomerMobileNo=9000000115, RNRAttempt3=Attempt3, CotactPersonName=AkshayB, popUpSuccessMsg=Customer information updated successfully, RNRAttempt2=Attempt2, RNRAttempt1=Attempt1, Password=Uat@1234, UserId=3000, CustomerName=SreekanthP, Browser=Chrome}]]>
              </value>
            </param>
          </params>
          <reporter-output>
          </reporter-output>
        </test-method> <!-- loginTest -->
        <test-method status="PASS" signature="loginTest(java.util.Hashtable)[pri:0, instance:testCases.TeleCallerEntryAppointment@5faeada1]" name="loginTest" duration-ms="37798" started-at="2018-04-11T12:20:40Z" data-provider="getData" finished-at="2018-04-11T12:21:18Z">
          <params>
            <param index="0">
              <value>
                <![CDATA[{DayValue=15, FinalStatusSelect=Already Replaced, FinalStatusSelect1=Appointment, AppointmentTime=20:15, Runmode=Y, ContactNumber=9090909090, CustomerMobileNo=9000000116, RNRAttempt3=asdf#$%^&, CotactPersonName=AkshayB, popUpSuccessMsg=Customer information updated successfully, RNRAttempt2=234as!@#$(&%), RNRAttempt1=Attempt!@#$6789\, Password=Uat@1234, UserId=3000, CustomerName=SreekanthQ, Browser=Chrome}]]>
              </value>
            </param>
          </params>
          <reporter-output>
          </reporter-output>
        </test-method> <!-- loginTest -->
      </class> <!-- testCases.TeleCallerEntryAppointment -->
      <class name="testCases.UrlVerification">
        <test-method status="PASS" signature="loginTest(java.util.Hashtable)[pri:0, instance:testCases.UrlVerification@11438d26]" name="loginTest" duration-ms="8535" started-at="2018-04-11T12:08:29Z" data-provider="getData" finished-at="2018-04-11T12:08:37Z">
          <params>
            <param index="0">
              <value>
                <![CDATA[{WelcomeText=TELESONIC, Runmode=Y, Browser=Chrome}]]>
              </value>
            </param>
          </params>
          <reporter-output>
          </reporter-output>
        </test-method> <!-- loginTest -->
        <test-method status="SKIP" signature="loginTest(java.util.Hashtable)[pri:0, instance:testCases.UrlVerification@11438d26]" name="loginTest" duration-ms="0" started-at="2018-04-11T12:08:37Z" data-provider="getData" finished-at="2018-04-11T12:08:37Z">
          <params>
            <param index="0">
              <value>
                <![CDATA[{WelcomeText=TELESONIC, Runmode=N, Browser=Chrome}]]>
              </value>
            </param>
          </params>
          <exception class="org.testng.SkipException">
            <message>
              <![CDATA[Skipping the test as runmode is N]]>
            </message>
            <full-stacktrace>
              <![CDATA[org.testng.SkipException: Skipping the test as runmode is Nat testCases.UrlVerification.loginTest(UrlVerification.java:38)at sun.reflect.NativeMethodAccessorImpl.invoke0(Native Method)at sun.reflect.NativeMethodAccessorImpl.invoke(NativeMethodAccessorImpl.java:62)at sun.reflect.DelegatingMethodAccessorImpl.invoke(DelegatingMethodAccessorImpl.java:43)at java.lang.reflect.Method.invoke(Method.java:498)at org.testng.internal.MethodInvocationHelper.invokeMethod(MethodInvocationHelper.java:124)at org.testng.internal.Invoker.invokeMethod(Invoker.java:571)at org.testng.internal.Invoker.invokeTestMethod(Invoker.java:707)at org.testng.internal.Invoker.invokeTestMethods(Invoker.java:979)at org.testng.internal.TestMethodWorker.invokeTestMethods(TestMethodWorker.java:125)at org.testng.internal.TestMethodWorker.run(TestMethodWorker.java:109)at org.testng.TestRunner.privateRun(TestRunner.java:648)at org.testng.TestRunner.run(TestRunner.java:505)at org.testng.SuiteRunner.runTest(SuiteRunner.java:455)at org.testng.SuiteRunner.runSequentially(SuiteRunner.java:450)at org.testng.SuiteRunner.privateRun(SuiteRunner.java:415)at org.testng.SuiteRunner.run(SuiteRunner.java:364)at org.testng.SuiteRunnerWorker.runSuite(SuiteRunnerWorker.java:52)at org.testng.SuiteRunnerWorker.run(SuiteRunnerWorker.java:84)at org.testng.TestNG.runSuitesSequentially(TestNG.java:1187)at org.testng.TestNG.runSuitesLocally(TestNG.java:1116)at org.testng.TestNG.runSuites(TestNG.java:1028)at org.testng.TestNG.run(TestNG.java:996)at org.testng.remote.AbstractRemoteTestNG.run(AbstractRemoteTestNG.java:114)at org.testng.remote.RemoteTestNG.initAndRun(RemoteTestNG.java:251)at org.testng.remote.RemoteTestNG.main(RemoteTestNG.java:77)]]>
            </full-stacktrace>
          </exception> <!-- org.testng.SkipException -->
          <reporter-output>
          </reporter-output>
        </test-method> <!-- loginTest -->
        <test-method status="SKIP" signature="loginTest(java.util.Hashtable)[pri:0, instance:testCases.UrlVerification@11438d26]" name="loginTest" duration-ms="0" started-at="2018-04-11T12:08:37Z" data-provider="getData" finished-at="2018-04-11T12:08:37Z">
          <params>
            <param index="0">
              <value>
                <![CDATA[{WelcomeText=TELESONIC, Runmode=N, Browser=Chrome}]]>
              </value>
            </param>
          </params>
          <exception class="org.testng.SkipException">
            <message>
              <![CDATA[Skipping the test as runmode is N]]>
            </message>
            <full-stacktrace>
              <![CDATA[org.testng.SkipException: Skipping the test as runmode is Nat testCases.UrlVerification.loginTest(UrlVerification.java:38)at sun.reflect.NativeMethodAccessorImpl.invoke0(Native Method)at sun.reflect.NativeMethodAccessorImpl.invoke(NativeMethodAccessorImpl.java:62)at sun.reflect.DelegatingMethodAccessorImpl.invoke(DelegatingMethodAccessorImpl.java:43)at java.lang.reflect.Method.invoke(Method.java:498)at org.testng.internal.MethodInvocationHelper.invokeMethod(MethodInvocationHelper.java:124)at org.testng.internal.Invoker.invokeMethod(Invoker.java:571)at org.testng.internal.Invoker.invokeTestMethod(Invoker.java:707)at org.testng.internal.Invoker.invokeTestMethods(Invoker.java:979)at org.testng.internal.TestMethodWorker.invokeTestMethods(TestMethodWorker.java:125)at org.testng.internal.TestMethodWorker.run(TestMethodWorker.java:109)at org.testng.TestRunner.privateRun(TestRunner.java:648)at org.testng.TestRunner.run(TestRunner.java:505)at org.testng.SuiteRunner.runTest(SuiteRunner.java:455)at org.testng.SuiteRunner.runSequentially(SuiteRunner.java:450)at org.testng.SuiteRunner.privateRun(SuiteRunner.java:415)at org.testng.SuiteRunner.run(SuiteRunner.java:364)at org.testng.SuiteRunnerWorker.runSuite(SuiteRunnerWorker.java:52)at org.testng.SuiteRunnerWorker.run(SuiteRunnerWorker.java:84)at org.testng.TestNG.runSuitesSequentially(TestNG.java:1187)at org.testng.TestNG.runSuitesLocally(TestNG.java:1116)at org.testng.TestNG.runSuites(TestNG.java:1028)at org.testng.TestNG.run(TestNG.java:996)at org.testng.remote.AbstractRemoteTestNG.run(AbstractRemoteTestNG.java:114)at org.testng.remote.RemoteTestNG.initAndRun(RemoteTestNG.java:251)at org.testng.remote.RemoteTestNG.main(RemoteTestNG.java:77)]]>
            </full-stacktrace>
          </exception> <!-- org.testng.SkipException -->
          <reporter-output>
          </reporter-output>
        </test-method> <!-- loginTest -->
        <test-method status="SKIP" signature="loginTest(java.util.Hashtable)[pri:0, instance:testCases.UrlVerification@11438d26]" name="loginTest" duration-ms="0" started-at="2018-04-11T12:08:37Z" data-provider="getData" finished-at="2018-04-11T12:08:37Z">
          <params>
            <param index="0">
              <value>
                <![CDATA[{WelcomeText=TELESONIC, Runmode=N, Browser=Chrome}]]>
              </value>
            </param>
          </params>
          <exception class="org.testng.SkipException">
            <message>
              <![CDATA[Skipping the test as runmode is N]]>
            </message>
            <full-stacktrace>
              <![CDATA[org.testng.SkipException: Skipping the test as runmode is Nat testCases.UrlVerification.loginTest(UrlVerification.java:38)at sun.reflect.NativeMethodAccessorImpl.invoke0(Native Method)at sun.reflect.NativeMethodAccessorImpl.invoke(NativeMethodAccessorImpl.java:62)at sun.reflect.DelegatingMethodAccessorImpl.invoke(DelegatingMethodAccessorImpl.java:43)at java.lang.reflect.Method.invoke(Method.java:498)at org.testng.internal.MethodInvocationHelper.invokeMethod(MethodInvocationHelper.java:124)at org.testng.internal.Invoker.invokeMethod(Invoker.java:571)at org.testng.internal.Invoker.invokeTestMethod(Invoker.java:707)at org.testng.internal.Invoker.invokeTestMethods(Invoker.java:979)at org.testng.internal.TestMethodWorker.invokeTestMethods(TestMethodWorker.java:125)at org.testng.internal.TestMethodWorker.run(TestMethodWorker.java:109)at org.testng.TestRunner.privateRun(TestRunner.java:648)at org.testng.TestRunner.run(TestRunner.java:505)at org.testng.SuiteRunner.runTest(SuiteRunner.java:455)at org.testng.SuiteRunner.runSequentially(SuiteRunner.java:450)at org.testng.SuiteRunner.privateRun(SuiteRunner.java:415)at org.testng.SuiteRunner.run(SuiteRunner.java:364)at org.testng.SuiteRunnerWorker.runSuite(SuiteRunnerWorker.java:52)at org.testng.SuiteRunnerWorker.run(SuiteRunnerWorker.java:84)at org.testng.TestNG.runSuitesSequentially(TestNG.java:1187)at org.testng.TestNG.runSuitesLocally(TestNG.java:1116)at org.testng.TestNG.runSuites(TestNG.java:1028)at org.testng.TestNG.run(TestNG.java:996)at org.testng.remote.AbstractRemoteTestNG.run(AbstractRemoteTestNG.java:114)at org.testng.remote.RemoteTestNG.initAndRun(RemoteTestNG.java:251)at org.testng.remote.RemoteTestNG.main(RemoteTestNG.java:77)]]>
            </full-stacktrace>
          </exception> <!-- org.testng.SkipException -->
          <reporter-output>
          </reporter-output>
        </test-method> <!-- loginTest -->
        <test-method status="SKIP" signature="loginTest(java.util.Hashtable)[pri:0, instance:testCases.UrlVerification@11438d26]" name="loginTest" duration-ms="15" started-at="2018-04-11T12:08:37Z" data-provider="getData" finished-at="2018-04-11T12:08:37Z">
          <params>
            <param index="0">
              <value>
                <![CDATA[{WelcomeText=TELESONIC, Runmode=N, Browser=Chrome}]]>
              </value>
            </param>
          </params>
          <exception class="org.testng.SkipException">
            <message>
              <![CDATA[Skipping the test as runmode is N]]>
            </message>
            <full-stacktrace>
              <![CDATA[org.testng.SkipException: Skipping the test as runmode is Nat testCases.UrlVerification.loginTest(UrlVerification.java:38)at sun.reflect.NativeMethodAccessorImpl.invoke0(Native Method)at sun.reflect.NativeMethodAccessorImpl.invoke(NativeMethodAccessorImpl.java:62)at sun.reflect.DelegatingMethodAccessorImpl.invoke(DelegatingMethodAccessorImpl.java:43)at java.lang.reflect.Method.invoke(Method.java:498)at org.testng.internal.MethodInvocationHelper.invokeMethod(MethodInvocationHelper.java:124)at org.testng.internal.Invoker.invokeMethod(Invoker.java:571)at org.testng.internal.Invoker.invokeTestMethod(Invoker.java:707)at org.testng.internal.Invoker.invokeTestMethods(Invoker.java:979)at org.testng.internal.TestMethodWorker.invokeTestMethods(TestMethodWorker.java:125)at org.testng.internal.TestMethodWorker.run(TestMethodWorker.java:109)at org.testng.TestRunner.privateRun(TestRunner.java:648)at org.testng.TestRunner.run(TestRunner.java:505)at org.testng.SuiteRunner.runTest(SuiteRunner.java:455)at org.testng.SuiteRunner.runSequentially(SuiteRunner.java:450)at org.testng.SuiteRunner.privateRun(SuiteRunner.java:415)at org.testng.SuiteRunner.run(SuiteRunner.java:364)at org.testng.SuiteRunnerWorker.runSuite(SuiteRunnerWorker.java:52)at org.testng.SuiteRunnerWorker.run(SuiteRunnerWorker.java:84)at org.testng.TestNG.runSuitesSequentially(TestNG.java:1187)at org.testng.TestNG.runSuitesLocally(TestNG.java:1116)at org.testng.TestNG.runSuites(TestNG.java:1028)at org.testng.TestNG.run(TestNG.java:996)at org.testng.remote.AbstractRemoteTestNG.run(AbstractRemoteTestNG.java:114)at org.testng.remote.RemoteTestNG.initAndRun(RemoteTestNG.java:251)at org.testng.remote.RemoteTestNG.main(RemoteTestNG.java:77)]]>
            </full-stacktrace>
          </exception> <!-- org.testng.SkipException -->
          <reporter-output>
          </reporter-output>
        </test-method> <!-- loginTest -->
        <test-method status="PASS" signature="quit()[pri:0, instance:testCases.UrlVerification@11438d26]" name="quit" is-config="true" duration-ms="313" started-at="2018-04-11T12:33:41Z" finished-at="2018-04-11T12:33:41Z">
          <reporter-output>
          </reporter-output>
        </test-method> <!-- quit -->
      </class> <!-- testCases.UrlVerification -->
      <class name="testCases.LoginVerification">
        <test-method status="PASS" signature="init()[pri:0, instance:testCases.LoginVerification@34cd072c]" name="init" is-config="true" duration-ms="531" started-at="2018-04-11T12:08:28Z" finished-at="2018-04-11T12:08:29Z">
          <reporter-output>
          </reporter-output>
        </test-method> <!-- init -->
        <test-method status="PASS" signature="init()[pri:0, instance:testCases.TeleCallerEntry@7a1ebcd8]" name="init" is-config="true" duration-ms="125" started-at="2018-04-11T12:08:29Z" finished-at="2018-04-11T12:08:29Z">
          <reporter-output>
          </reporter-output>
        </test-method> <!-- init -->
        <test-method status="PASS" signature="init()[pri:0, instance:testCases.TeleCallerEntryAppointment@5faeada1]" name="init" is-config="true" duration-ms="63" started-at="2018-04-11T12:08:29Z" finished-at="2018-04-11T12:08:29Z">
          <reporter-output>
          </reporter-output>
        </test-method> <!-- init -->
        <test-method status="PASS" signature="init()[pri:0, instance:testCases.TeleCallerEntryAppointmentCallTime@528931cf]" name="init" is-config="true" duration-ms="62" started-at="2018-04-11T12:08:29Z" finished-at="2018-04-11T12:08:29Z">
          <reporter-output>
          </reporter-output>
        </test-method> <!-- init -->
        <test-method status="PASS" signature="init()[pri:0, instance:testCases.TeleCallerEntryNotIntrested@ea1a8d5]" name="init" is-config="true" duration-ms="63" started-at="2018-04-11T12:08:29Z" finished-at="2018-04-11T12:08:29Z">
          <reporter-output>
          </reporter-output>
        </test-method> <!-- init -->
        <test-method status="PASS" signature="init()[pri:0, instance:testCases.UrlVerification@11438d26]" name="init" is-config="true" duration-ms="47" started-at="2018-04-11T12:08:29Z" finished-at="2018-04-11T12:08:29Z">
          <reporter-output>
          </reporter-output>
        </test-method> <!-- init -->
        <test-method status="PASS" signature="loginTest(java.util.Hashtable)[pri:0, instance:testCases.LoginVerification@34cd072c]" name="loginTest" duration-ms="20574" started-at="2018-04-11T12:08:37Z" data-provider="getData" finished-at="2018-04-11T12:08:58Z">
          <params>
            <param index="0">
              <value>
                <![CDATA[{UserBranch=Hyderabad, UserId=62268, UserRole=Admin, Password=Uat@1234, Runmode=Y, UserName=P Krishna Murthy, Browser=Chrome}]]>
              </value>
            </param>
          </params>
          <reporter-output>
          </reporter-output>
        </test-method> <!-- loginTest -->
        <test-method status="PASS" signature="loginTest(java.util.Hashtable)[pri:0, instance:testCases.LoginVerification@34cd072c]" name="loginTest" duration-ms="20599" started-at="2018-04-11T12:08:58Z" data-provider="getData" finished-at="2018-04-11T12:09:19Z">
          <params>
            <param index="0">
              <value>
                <![CDATA[{UserBranch=Hyderabad, UserId=139371, UserRole=Executive, Password=Uat@1234, Runmode=Y, UserName=Mawaheedsiddiquie, Browser=Chrome}]]>
              </value>
            </param>
          </params>
          <reporter-output>
          </reporter-output>
        </test-method> <!-- loginTest -->
        <test-method status="PASS" signature="loginTest(java.util.Hashtable)[pri:0, instance:testCases.LoginVerification@34cd072c]" name="loginTest" duration-ms="20680" started-at="2018-04-11T12:09:19Z" data-provider="getData" finished-at="2018-04-11T12:09:39Z">
          <params>
            <param index="0">
              <value>
                <![CDATA[{UserBranch=Hyderabad, UserId=139372, UserRole=Executive, Password=Uat@1234, Runmode=Y, UserName=Annarasi Sai Kumar, Browser=Chrome}]]>
              </value>
            </param>
          </params>
          <reporter-output>
          </reporter-output>
        </test-method> <!-- loginTest -->
        <test-method status="PASS" signature="loginTest(java.util.Hashtable)[pri:0, instance:testCases.LoginVerification@34cd072c]" name="loginTest" duration-ms="18432" started-at="2018-04-11T12:09:39Z" data-provider="getData" finished-at="2018-04-11T12:09:58Z">
          <params>
            <param index="0">
              <value>
                <![CDATA[{UserBranch=Hyderabad, UserId=139599, UserRole=Executive, Password=Uat@1234, Runmode=Y, UserName=Deepanjali Panigrahi, Browser=Chrome}]]>
              </value>
            </param>
          </params>
          <reporter-output>
          </reporter-output>
        </test-method> <!-- loginTest -->
        <test-method status="FAIL" signature="loginTest(java.util.Hashtable)[pri:0, instance:testCases.LoginVerification@34cd072c]" name="loginTest" duration-ms="15469" started-at="2018-04-11T12:09:58Z" data-provider="getData" finished-at="2018-04-11T12:10:13Z">
          <params>
            <param index="0">
              <value>
                <![CDATA[{UserBranch=Hyderabad, UserId=141386, UserRole=Executive, Password=Uat@1234, Runmode=Y, UserName=Javeed, Browser=Chrome}]]>
              </value>
            </param>
          </params>
          <exception class="java.lang.AssertionError">
            <message>
              <![CDATA[FAIL]]>
            </message>
            <full-stacktrace>
              <![CDATA[java.lang.AssertionError: FAILat org.testng.Assert.fail(Assert.java:96)at testKeywords.Keyword.executeKeywords(Keyword.java:193)at testCases.LoginVerification.loginTest(LoginVerification.java:39)at sun.reflect.NativeMethodAccessorImpl.invoke0(Native Method)at sun.reflect.NativeMethodAccessorImpl.invoke(NativeMethodAccessorImpl.java:62)at sun.reflect.DelegatingMethodAccessorImpl.invoke(DelegatingMethodAccessorImpl.java:43)at java.lang.reflect.Method.invoke(Method.java:498)at org.testng.internal.MethodInvocationHelper.invokeMethod(MethodInvocationHelper.java:124)at org.testng.internal.Invoker.invokeMethod(Invoker.java:571)at org.testng.internal.Invoker.invokeTestMethod(Invoker.java:707)at org.testng.internal.Invoker.invokeTestMethods(Invoker.java:979)at org.testng.internal.TestMethodWorker.invokeTestMethods(TestMethodWorker.java:125)at org.testng.internal.TestMethodWorker.run(TestMethodWorker.java:109)at org.testng.TestRunner.privateRun(TestRunner.java:648)at org.testng.TestRunner.run(TestRunner.java:505)at org.testng.SuiteRunner.runTest(SuiteRunner.java:455)at org.testng.SuiteRunner.runSequentially(SuiteRunner.java:450)at org.testng.SuiteRunner.privateRun(SuiteRunner.java:415)at org.testng.SuiteRunner.run(SuiteRunner.java:364)at org.testng.SuiteRunnerWorker.runSuite(SuiteRunnerWorker.java:52)at org.testng.SuiteRunnerWorker.run(SuiteRunnerWorker.java:84)at org.testng.TestNG.runSuitesSequentially(TestNG.java:1187)at org.testng.TestNG.runSuitesLocally(TestNG.java:1116)at org.testng.TestNG.runSuites(TestNG.java:1028)at org.testng.TestNG.run(TestNG.java:996)at org.testng.remote.AbstractRemoteTestNG.run(AbstractRemoteTestNG.java:114)at org.testng.remote.RemoteTestNG.initAndRun(RemoteTestNG.java:251)at org.testng.remote.RemoteTestNG.main(RemoteTestNG.java:77)]]>
            </full-stacktrace>
          </exception> <!-- java.lang.AssertionError -->
          <reporter-output>
          </reporter-output>
        </test-method> <!-- loginTest -->
        <test-method status="PASS" signature="loginTest(java.util.Hashtable)[pri:0, instance:testCases.LoginVerification@34cd072c]" name="loginTest" duration-ms="20630" started-at="2018-04-11T12:10:13Z" data-provider="getData" finished-at="2018-04-11T12:10:34Z">
          <params>
            <param index="0">
              <value>
                <![CDATA[{UserBranch=Hyderabad, UserId=144172, UserRole=Executive, Password=Uat@1234, Runmode=Y, UserName=Vinaya, Browser=Chrome}]]>
              </value>
            </param>
          </params>
          <reporter-output>
          </reporter-output>
        </test-method> <!-- loginTest -->
        <test-method status="PASS" signature="loginTest(java.util.Hashtable)[pri:0, instance:testCases.LoginVerification@34cd072c]" name="loginTest" duration-ms="20661" started-at="2018-04-11T12:10:34Z" data-provider="getData" finished-at="2018-04-11T12:10:55Z">
          <params>
            <param index="0">
              <value>
                <![CDATA[{UserBranch=, UserId=145362, UserRole=Executive, Password=Uat@1234, Runmode=Y, UserName=APSANA SHAIK, Browser=Chrome}]]>
              </value>
            </param>
          </params>
          <reporter-output>
          </reporter-output>
        </test-method> <!-- loginTest -->
        <test-method status="PASS" signature="loginTest(java.util.Hashtable)[pri:0, instance:testCases.LoginVerification@34cd072c]" name="loginTest" duration-ms="20700" started-at="2018-04-11T12:10:55Z" data-provider="getData" finished-at="2018-04-11T12:11:15Z">
          <params>
            <param index="0">
              <value>
                <![CDATA[{UserBranch=Hyderabad, UserId=139485, UserRole=Supervisor, Password=Uat@1234, Runmode=Y, UserName=Shaikh Imran, Browser=Chrome}]]>
              </value>
            </param>
          </params>
          <reporter-output>
          </reporter-output>
        </test-method> <!-- loginTest -->
      </class> <!-- testCases.LoginVerification -->
      <class name="testCases.TeleCallerEntryAppointmentCallTime">
        <test-method status="PASS" signature="loginTest(java.util.Hashtable)[pri:0, instance:testCases.TeleCallerEntryAppointmentCallTime@528931cf]" name="loginTest" duration-ms="38475" started-at="2018-04-11T12:21:18Z" data-provider="getData" finished-at="2018-04-11T12:21:56Z">
          <params>
            <param index="0">
              <value>
                <![CDATA[{DayValue=12, FinalStatusSelect=Call Back, FinalStatusSelect1=Appointment, AppointmentTime=20:15, Runmode=Y, ContactNumber=9090909090, CustomerMobileNo=9000000117, RNRAttempt3=Attempt3, CotactPersonName=AkshayB, popUpSuccessMsg=Customer information updated successfully, RNRAttempt2=Attempt2, RNRAttempt1=Attempt1, Password=Uat@1234, UserId=3000, CustomerName=SreekanthR, Browser=Chrome}]]>
              </value>
            </param>
          </params>
          <reporter-output>
          </reporter-output>
        </test-method> <!-- loginTest -->
        <test-method status="PASS" signature="loginTest(java.util.Hashtable)[pri:0, instance:testCases.TeleCallerEntryAppointmentCallTime@528931cf]" name="loginTest" duration-ms="38844" started-at="2018-04-11T12:21:56Z" data-provider="getData" finished-at="2018-04-11T12:22:35Z">
          <params>
            <param index="0">
              <value>
                <![CDATA[{DayValue=13, FinalStatusSelect=Customer Hang-Up the call, FinalStatusSelect1=Appointment, AppointmentTime=20:15, Runmode=Y, ContactNumber=9090909090, CustomerMobileNo=9000000118, RNRAttempt3=Attempt3, CotactPersonName=AkshayB, popUpSuccessMsg=Customer information updated successfully, RNRAttempt2=Attempt2, RNRAttempt1=Attempt1, Password=Uat@1234, UserId=3000, CustomerName=SreekanthS, Browser=Chrome}]]>
              </value>
            </param>
          </params>
          <reporter-output>
          </reporter-output>
        </test-method> <!-- loginTest -->
        <test-method status="PASS" signature="loginTest(java.util.Hashtable)[pri:0, instance:testCases.TeleCallerEntryAppointmentCallTime@528931cf]" name="loginTest" duration-ms="36398" started-at="2018-04-11T12:22:35Z" data-provider="getData" finished-at="2018-04-11T12:23:12Z">
          <params>
            <param index="0">
              <value>
                <![CDATA[{DayValue=14, FinalStatusSelect=Not Interested, FinalStatusSelect1=Appointment, AppointmentTime=20:15, Runmode=Y, ContactNumber=9090909090, CustomerMobileNo=9000000119, RNRAttempt3=Attempt3, CotactPersonName=AkshayB, popUpSuccessMsg=Customer information updated successfully, RNRAttempt2=Attempt2, RNRAttempt1=Attempt1, Password=Uat@1234, UserId=3000, CustomerName=SreekanthU, Browser=Chrome}]]>
              </value>
            </param>
          </params>
          <reporter-output>
          </reporter-output>
        </test-method> <!-- loginTest -->
        <test-method status="PASS" signature="loginTest(java.util.Hashtable)[pri:0, instance:testCases.TeleCallerEntryAppointmentCallTime@528931cf]" name="loginTest" duration-ms="38478" started-at="2018-04-11T12:23:12Z" data-provider="getData" finished-at="2018-04-11T12:23:50Z">
          <params>
            <param index="0">
              <value>
                <![CDATA[{DayValue=15, FinalStatusSelect=Invalid Number, FinalStatusSelect1=Appointment, AppointmentTime=20:15, Runmode=Y, ContactNumber=9090909090, CustomerMobileNo=9000000120, RNRAttempt3=Attempt3, CotactPersonName=AkshayB, popUpSuccessMsg=Customer information updated successfully, RNRAttempt2=Attempt2, RNRAttempt1=Attempt1, Password=Uat@1234, UserId=3000, CustomerName=SreekanthV, Browser=Chrome}]]>
              </value>
            </param>
          </params>
          <reporter-output>
          </reporter-output>
        </test-method> <!-- loginTest -->
        <test-method status="PASS" signature="loginTest(java.util.Hashtable)[pri:0, instance:testCases.TeleCallerEntryAppointmentCallTime@528931cf]" name="loginTest" duration-ms="55745" started-at="2018-04-11T12:23:50Z" data-provider="getData" finished-at="2018-04-11T12:24:46Z">
          <params>
            <param index="0">
              <value>
                <![CDATA[{DayValue=16, FinalStatusSelect=Wrong Number, FinalStatusSelect1=Appointment, AppointmentTime=20:15, Runmode=Y, ContactNumber=9090909090, CustomerMobileNo=9000000121, RNRAttempt3=Attempt3, CotactPersonName=AkshayB, popUpSuccessMsg=Customer information updated successfully, RNRAttempt2=Attempt2, RNRAttempt1=Attempt1, Password=Uat@1234, UserId=3000, CustomerName=SreekanthW, Browser=Chrome}]]>
              </value>
            </param>
          </params>
          <reporter-output>
          </reporter-output>
        </test-method> <!-- loginTest -->
        <test-method status="PASS" signature="loginTest(java.util.Hashtable)[pri:0, instance:testCases.TeleCallerEntryAppointmentCallTime@528931cf]" name="loginTest" duration-ms="39168" started-at="2018-04-11T12:24:46Z" data-provider="getData" finished-at="2018-04-11T12:25:25Z">
          <params>
            <param index="0">
              <value>
                <![CDATA[{DayValue=12, FinalStatusSelect=Switch Off, FinalStatusSelect1=Appointment, AppointmentTime=20:15, Runmode=Y, ContactNumber=9090909090, CustomerMobileNo=9000000122, RNRAttempt3=Attempt3, CotactPersonName=AkshayB, popUpSuccessMsg=Customer information updated successfully, RNRAttempt2=Attempt2, RNRAttempt1=Attempt1, Password=Uat@1234, UserId=3000, CustomerName=SreekanthX, Browser=Chrome}]]>
              </value>
            </param>
          </params>
          <reporter-output>
          </reporter-output>
        </test-method> <!-- loginTest -->
        <test-method status="PASS" signature="loginTest(java.util.Hashtable)[pri:0, instance:testCases.TeleCallerEntryAppointmentCallTime@528931cf]" name="loginTest" duration-ms="39291" started-at="2018-04-11T12:25:25Z" data-provider="getData" finished-at="2018-04-11T12:26:04Z">
          <params>
            <param index="0">
              <value>
                <![CDATA[{DayValue=13, FinalStatusSelect=RNR, FinalStatusSelect1=Appointment, AppointmentTime=20:15, Runmode=Y, ContactNumber=9090909090, CustomerMobileNo=9000000123, RNRAttempt3=Attempt3, CotactPersonName=AkshayB, popUpSuccessMsg=Customer information updated successfully, RNRAttempt2=Attempt2, RNRAttempt1=Attempt1, Password=Uat@1234, UserId=3000, CustomerName=SreekanthY, Browser=Chrome}]]>
              </value>
            </param>
          </params>
          <reporter-output>
          </reporter-output>
        </test-method> <!-- loginTest -->
        <test-method status="PASS" signature="loginTest(java.util.Hashtable)[pri:0, instance:testCases.TeleCallerEntryAppointmentCallTime@528931cf]" name="loginTest" duration-ms="39171" started-at="2018-04-11T12:26:04Z" data-provider="getData" finished-at="2018-04-11T12:26:43Z">
          <params>
            <param index="0">
              <value>
                <![CDATA[{DayValue=14, FinalStatusSelect=Pending with FE, FinalStatusSelect1=Appointment, AppointmentTime=20:15, Runmode=Y, ContactNumber=9090909090, CustomerMobileNo=9000000124, RNRAttempt3=Attempt3, CotactPersonName=AkshayB, popUpSuccessMsg=Customer information updated successfully, RNRAttempt2=Attempt2, RNRAttempt1=Attempt1, Password=Uat@1234, UserId=3000, CustomerName=SreekanthZ, Browser=Chrome}]]>
              </value>
            </param>
          </params>
          <reporter-output>
          </reporter-output>
        </test-method> <!-- loginTest -->
        <test-method status="PASS" signature="loginTest(java.util.Hashtable)[pri:0, instance:testCases.TeleCallerEntryAppointmentCallTime@528931cf]" name="loginTest" duration-ms="39059" started-at="2018-04-11T12:26:43Z" data-provider="getData" finished-at="2018-04-11T12:27:22Z">
          <params>
            <param index="0">
              <value>
                <![CDATA[{DayValue=15, FinalStatusSelect=Already Replaced, FinalStatusSelect1=Appointment, AppointmentTime=20:15, Runmode=Y, ContactNumber=9090909090, CustomerMobileNo=9000000125, RNRAttempt3=Attempt3, CotactPersonName=AkshayB, popUpSuccessMsg=Customer information updated successfully, RNRAttempt2=Attempt2, RNRAttempt1=Attempt1, Password=Uat@1234, UserId=3000, CustomerName=SreekanthAA, Browser=Chrome}]]>
              </value>
            </param>
          </params>
          <reporter-output>
          </reporter-output>
        </test-method> <!-- loginTest -->
      </class> <!-- testCases.TeleCallerEntryAppointmentCallTime -->
      <class name="testCases.TeleCallerEntryNotIntrested">
        <test-method status="PASS" signature="loginTest(java.util.Hashtable)[pri:0, instance:testCases.TeleCallerEntryNotIntrested@ea1a8d5]" name="loginTest" duration-ms="38085" started-at="2018-04-11T12:27:22Z" data-provider="getData" finished-at="2018-04-11T12:28:01Z">
          <params>
            <param index="0">
              <value>
                <![CDATA[{FinalStatusSelect=Call Back, FinalStatusSelect1=Not Interested, Runmode=Y, ContactNumber=9090909090, CustomerMobileNo=9000000126, RNRAttempt3=Attempt3, CotactPersonName=AkshayB, popUpSuccessMsg=Customer information updated successfully, RNRAttempt2=Attempt2, RNRAttempt1=asdtr3234%@#!, Password=Uat@1234, RefusalReason=Customer did not requested for the Modem Replacement, UserId=3000, CustomerName=SreekanthAB, Browser=Chrome}]]>
              </value>
            </param>
          </params>
          <reporter-output>
          </reporter-output>
        </test-method> <!-- loginTest -->
        <test-method status="PASS" signature="loginTest(java.util.Hashtable)[pri:0, instance:testCases.TeleCallerEntryNotIntrested@ea1a8d5]" name="loginTest" duration-ms="37729" started-at="2018-04-11T12:28:01Z" data-provider="getData" finished-at="2018-04-11T12:28:38Z">
          <params>
            <param index="0">
              <value>
                <![CDATA[{FinalStatusSelect=Customer Hang-Up the call, FinalStatusSelect1=Not Interested, Runmode=Y, ContactNumber=9090909090, CustomerMobileNo=9000000127, RNRAttempt3=Attempt3, CotactPersonName=AkshayB, popUpSuccessMsg=Customer information updated successfully, RNRAttempt2=Attempt2, RNRAttempt1=Attempt1, Password=Uat@1234, RefusalReason=Customer want to change the plan, UserId=3000, CustomerName=SreekanthAC, Browser=Chrome}]]>
              </value>
            </param>
          </params>
          <reporter-output>
          </reporter-output>
        </test-method> <!-- loginTest -->
        <test-method status="PASS" signature="loginTest(java.util.Hashtable)[pri:0, instance:testCases.TeleCallerEntryNotIntrested@ea1a8d5]" name="loginTest" duration-ms="37929" started-at="2018-04-11T12:28:38Z" data-provider="getData" finished-at="2018-04-11T12:29:16Z">
          <params>
            <param index="0">
              <value>
                <![CDATA[{FinalStatusSelect=Appointment, FinalStatusSelect1=Not Interested, Runmode=Y, ContactNumber=9090909090, CustomerMobileNo=9000000128, RNRAttempt3=Attempt3, CotactPersonName=AkshayB, popUpSuccessMsg=Customer information updated successfully, RNRAttempt2=Attempt2, RNRAttempt1=Attempt1, Password=Uat@1234, RefusalReason=Customer wants to cancel the request, UserId=3000, CustomerName=SreekanthAD, Browser=Chrome}]]>
              </value>
            </param>
          </params>
          <reporter-output>
          </reporter-output>
        </test-method> <!-- loginTest -->
        <test-method status="PASS" signature="loginTest(java.util.Hashtable)[pri:0, instance:testCases.TeleCallerEntryNotIntrested@ea1a8d5]" name="loginTest" duration-ms="37781" started-at="2018-04-11T12:29:16Z" data-provider="getData" finished-at="2018-04-11T12:29:54Z">
          <params>
            <param index="0">
              <value>
                <![CDATA[{FinalStatusSelect=Invalid Number, FinalStatusSelect1=Not Interested, Runmode=Y, ContactNumber=9090909090, CustomerMobileNo=9000000129, RNRAttempt3=asdf@TDAASD, CotactPersonName=AkshayB, popUpSuccessMsg=Customer information updated successfully, RNRAttempt2=Attempt2, RNRAttempt1=Attempt1, Password=Uat@1234, RefusalReason=Customer already cancelled, UserId=3000, CustomerName=SreekanthAE, Browser=Chrome}]]>
              </value>
            </param>
          </params>
          <reporter-output>
          </reporter-output>
        </test-method> <!-- loginTest -->
        <test-method status="PASS" signature="loginTest(java.util.Hashtable)[pri:0, instance:testCases.TeleCallerEntryNotIntrested@ea1a8d5]" name="loginTest" duration-ms="37693" started-at="2018-04-11T12:29:54Z" data-provider="getData" finished-at="2018-04-11T12:30:32Z">
          <params>
            <param index="0">
              <value>
                <![CDATA[{FinalStatusSelect=Wrong Number, FinalStatusSelect1=Not Interested, Runmode=Y, ContactNumber=9090909090, CustomerMobileNo=9000000130, RNRAttempt3=Attempt3, CotactPersonName=AkshayB, popUpSuccessMsg=Customer information updated successfully, RNRAttempt2=Attempt2, RNRAttempt1=Attempt1, Password=Uat@1234, RefusalReason=Customer don't want to pay any charges, UserId=3000, CustomerName=SreekanthAF, Browser=Chrome}]]>
              </value>
            </param>
          </params>
          <reporter-output>
          </reporter-output>
        </test-method> <!-- loginTest -->
        <test-method status="PASS" signature="loginTest(java.util.Hashtable)[pri:0, instance:testCases.TeleCallerEntryNotIntrested@ea1a8d5]" name="loginTest" duration-ms="38107" started-at="2018-04-11T12:30:32Z" data-provider="getData" finished-at="2018-04-11T12:31:10Z">
          <params>
            <param index="0">
              <value>
                <![CDATA[{FinalStatusSelect=Switch Off, FinalStatusSelect1=Not Interested, Runmode=Y, ContactNumber=9090909090, CustomerMobileNo=9000000131, RNRAttempt3=Attempt3, CotactPersonName=AkshayB, popUpSuccessMsg=Customer information updated successfully, RNRAttempt2=Attempt2, RNRAttempt1=Attempt1, Password=Uat@1234, RefusalReason=Customer satisfied with present Modem, UserId=3000, CustomerName=SreekanthAG, Browser=Chrome}]]>
              </value>
            </param>
          </params>
          <reporter-output>
          </reporter-output>
        </test-method> <!-- loginTest -->
        <test-method status="PASS" signature="loginTest(java.util.Hashtable)[pri:0, instance:testCases.TeleCallerEntryNotIntrested@ea1a8d5]" name="loginTest" duration-ms="37657" started-at="2018-04-11T12:31:10Z" data-provider="getData" finished-at="2018-04-11T12:31:47Z">
          <params>
            <param index="0">
              <value>
                <![CDATA[{FinalStatusSelect=RNR, FinalStatusSelect1=Not Interested, Runmode=Y, ContactNumber=9090909090, CustomerMobileNo=9000000132, RNRAttempt3=Attempt3, CotactPersonName=AkshayB, popUpSuccessMsg=Customer information updated successfully, RNRAttempt2=Attempt2, RNRAttempt1=Attempt1, Password=Uat@1234, RefusalReason=Customer refused to say the reason, UserId=3000, CustomerName=SreekanthAH, Browser=Chrome}]]>
              </value>
            </param>
          </params>
          <reporter-output>
          </reporter-output>
        </test-method> <!-- loginTest -->
        <test-method status="PASS" signature="loginTest(java.util.Hashtable)[pri:0, instance:testCases.TeleCallerEntryNotIntrested@ea1a8d5]" name="loginTest" duration-ms="37689" started-at="2018-04-11T12:31:47Z" data-provider="getData" finished-at="2018-04-11T12:32:25Z">
          <params>
            <param index="0">
              <value>
                <![CDATA[{FinalStatusSelect=Pending with FE, FinalStatusSelect1=Not Interested, Runmode=Y, ContactNumber=9090909090, CustomerMobileNo=9000000133, RNRAttempt3=Attempt3, CotactPersonName=AkshayB, popUpSuccessMsg=Customer information updated successfully, RNRAttempt2=Attempt2, RNRAttempt1=Attempt1, Password=Uat@1234, RefusalReason=Vectorization not possible, UserId=3000, CustomerName=SreekanthAI, Browser=Chrome}]]>
              </value>
            </param>
          </params>
          <reporter-output>
          </reporter-output>
        </test-method> <!-- loginTest -->
        <test-method status="PASS" signature="loginTest(java.util.Hashtable)[pri:0, instance:testCases.TeleCallerEntryNotIntrested@ea1a8d5]" name="loginTest" duration-ms="37784" started-at="2018-04-11T12:32:25Z" data-provider="getData" finished-at="2018-04-11T12:33:03Z">
          <params>
            <param index="0">
              <value>
                <![CDATA[{FinalStatusSelect=Already Replaced, FinalStatusSelect1=Not Interested, Runmode=Y, ContactNumber=9090909090, CustomerMobileNo=9000000134, RNRAttempt3=Attempt3, CotactPersonName=AkshayB, popUpSuccessMsg=Customer information updated successfully, RNRAttempt2=Attempt2, RNRAttempt1=asdf, Password=Uat@1234, RefusalReason=Customer wants to disconnect the connection, UserId=3000, CustomerName=SreekanthAJ, Browser=Chrome}]]>
              </value>
            </param>
          </params>
          <reporter-output>
          </reporter-output>
        </test-method> <!-- loginTest -->
        <test-method status="PASS" signature="loginTest(java.util.Hashtable)[pri:0, instance:testCases.TeleCallerEntryNotIntrested@ea1a8d5]" name="loginTest" duration-ms="37885" started-at="2018-04-11T12:33:03Z" data-provider="getData" finished-at="2018-04-11T12:33:41Z">
          <params>
            <param index="0">
              <value>
                <![CDATA[{FinalStatusSelect=Already Replaced, FinalStatusSelect1=Not Interested, Runmode=Y, ContactNumber=9090909090, CustomerMobileNo=9000000135, RNRAttempt3=Attempt3, CotactPersonName=AkshayB, popUpSuccessMsg=Customer information updated successfully, RNRAttempt2=Attempt2, RNRAttempt1=Attempt1, Password=Uat@1234, RefusalReason=Out of Station, UserId=3000, CustomerName=SreekanthAK, Browser=Chrome}]]>
              </value>
            </param>
          </params>
          <reporter-output>
          </reporter-output>
        </test-method> <!-- loginTest -->
      </class> <!-- testCases.TeleCallerEntryNotIntrested -->
      <class name="testCases.TeleCallerEntry">
        <test-method status="PASS" signature="loginTest(java.util.Hashtable)[pri:0, instance:testCases.TeleCallerEntry@7a1ebcd8]" name="loginTest" duration-ms="32618" started-at="2018-04-11T12:11:15Z" data-provider="getData" finished-at="2018-04-11T12:11:48Z">
          <params>
            <param index="0">
              <value>
                <![CDATA[{FinalStatusSelect=Call Back, Runmode=Y, ContactNumber=9090909090, CustomerMobileNo=9000000100, RNRAttempt3=asdf#$%^&, CotactPersonName=AkshayB, popUpSuccessMsg=Customer information updated successfully, RNRAttempt2=234as!@#$(&%), RNRAttempt1=Attempt!@#$6789\, Password=Uat@1234, UserId=3000, CustomerName=SreekanthA, Browser=Chrome}]]>
              </value>
            </param>
          </params>
          <reporter-output>
          </reporter-output>
        </test-method> <!-- loginTest -->
        <test-method status="PASS" signature="loginTest(java.util.Hashtable)[pri:0, instance:testCases.TeleCallerEntry@7a1ebcd8]" name="loginTest" duration-ms="32244" started-at="2018-04-11T12:11:48Z" data-provider="getData" finished-at="2018-04-11T12:12:20Z">
          <params>
            <param index="0">
              <value>
                <![CDATA[{FinalStatusSelect=Customer Hang-Up the call, Runmode=Y, ContactNumber=9090909090, CustomerMobileNo=9000000101, RNRAttempt3=Attempt3, CotactPersonName=AkshayB, popUpSuccessMsg=Customer information updated successfully, RNRAttempt2=Attempt2, RNRAttempt1=Attempt1, Password=Uat@1234, UserId=3000, CustomerName=SreekanthB, Browser=Chrome}]]>
              </value>
            </param>
          </params>
          <reporter-output>
          </reporter-output>
        </test-method> <!-- loginTest -->
        <test-method status="PASS" signature="loginTest(java.util.Hashtable)[pri:0, instance:testCases.TeleCallerEntry@7a1ebcd8]" name="loginTest" duration-ms="32577" started-at="2018-04-11T12:12:20Z" data-provider="getData" finished-at="2018-04-11T12:12:53Z">
          <params>
            <param index="0">
              <value>
                <![CDATA[{FinalStatusSelect=Invalid Number, Runmode=Y, ContactNumber=9090909090, CustomerMobileNo=9000000102, RNRAttempt3=asdf#$%^&, CotactPersonName=AkshayB, popUpSuccessMsg=Customer information updated successfully, RNRAttempt2=234as!@#$(&%), RNRAttempt1=Attempt!@#$6789\, Password=Uat@1234, UserId=3000, CustomerName=SreekanthC, Browser=Chrome}]]>
              </value>
            </param>
          </params>
          <reporter-output>
          </reporter-output>
        </test-method> <!-- loginTest -->
        <test-method status="PASS" signature="loginTest(java.util.Hashtable)[pri:0, instance:testCases.TeleCallerEntry@7a1ebcd8]" name="loginTest" duration-ms="32439" started-at="2018-04-11T12:12:53Z" data-provider="getData" finished-at="2018-04-11T12:13:25Z">
          <params>
            <param index="0">
              <value>
                <![CDATA[{FinalStatusSelect=Wrong Number, Runmode=Y, ContactNumber=9090909090, CustomerMobileNo=9000000103, RNRAttempt3=Attempt3, CotactPersonName=AkshayB, popUpSuccessMsg=Customer information updated successfully, RNRAttempt2=Attempt2, RNRAttempt1=Attempt1, Password=Uat@1234, UserId=3000, CustomerName=SreekanthD, Browser=Chrome}]]>
              </value>
            </param>
          </params>
          <reporter-output>
          </reporter-output>
        </test-method> <!-- loginTest -->
        <test-method status="PASS" signature="loginTest(java.util.Hashtable)[pri:0, instance:testCases.TeleCallerEntry@7a1ebcd8]" name="loginTest" duration-ms="32570" started-at="2018-04-11T12:13:25Z" data-provider="getData" finished-at="2018-04-11T12:13:58Z">
          <params>
            <param index="0">
              <value>
                <![CDATA[{FinalStatusSelect=Switch Off, Runmode=Y, ContactNumber=9090909090, CustomerMobileNo=9000000104, RNRAttempt3=asdf#$%^&, CotactPersonName=AkshayB, popUpSuccessMsg=Customer information updated successfully, RNRAttempt2=234as!@#$(&%), RNRAttempt1=Attempt!@#$6789\, Password=Uat@1234, UserId=3000, CustomerName=SreekanthE, Browser=Chrome}]]>
              </value>
            </param>
          </params>
          <reporter-output>
          </reporter-output>
        </test-method> <!-- loginTest -->
        <test-method status="PASS" signature="loginTest(java.util.Hashtable)[pri:0, instance:testCases.TeleCallerEntry@7a1ebcd8]" name="loginTest" duration-ms="32284" started-at="2018-04-11T12:13:58Z" data-provider="getData" finished-at="2018-04-11T12:14:30Z">
          <params>
            <param index="0">
              <value>
                <![CDATA[{FinalStatusSelect=RNR, Runmode=Y, ContactNumber=9090909090, CustomerMobileNo=9000000105, RNRAttempt3=Attempt3, CotactPersonName=AkshayB, popUpSuccessMsg=Customer information updated successfully, RNRAttempt2=Attempt2, RNRAttempt1=Attempt1, Password=Uat@1234, UserId=3000, CustomerName=SreekanthF, Browser=Chrome}]]>
              </value>
            </param>
          </params>
          <reporter-output>
          </reporter-output>
        </test-method> <!-- loginTest -->
        <test-method status="PASS" signature="loginTest(java.util.Hashtable)[pri:0, instance:testCases.TeleCallerEntry@7a1ebcd8]" name="loginTest" duration-ms="32494" started-at="2018-04-11T12:14:30Z" data-provider="getData" finished-at="2018-04-11T12:15:02Z">
          <params>
            <param index="0">
              <value>
                <![CDATA[{FinalStatusSelect=Pending with FE, Runmode=Y, ContactNumber=9090909090, CustomerMobileNo=9000000106, RNRAttempt3=asdf#$%^&, CotactPersonName=AkshayB, popUpSuccessMsg=Customer information updated successfully, RNRAttempt2=234as!@#$(&%), RNRAttempt1=Attempt!@#$6789\, Password=Uat@1234, UserId=3000, CustomerName=SreekanthG, Browser=Chrome}]]>
              </value>
            </param>
          </params>
          <reporter-output>
          </reporter-output>
        </test-method> <!-- loginTest -->
        <test-method status="PASS" signature="loginTest(java.util.Hashtable)[pri:0, instance:testCases.TeleCallerEntry@7a1ebcd8]" name="loginTest" duration-ms="32316" started-at="2018-04-11T12:15:02Z" data-provider="getData" finished-at="2018-04-11T12:15:35Z">
          <params>
            <param index="0">
              <value>
                <![CDATA[{FinalStatusSelect=Already Replaced, Runmode=Y, ContactNumber=9090909090, CustomerMobileNo=9000000107, RNRAttempt3=Attempt3, CotactPersonName=AkshayB, popUpSuccessMsg=Customer information updated successfully, RNRAttempt2=Attempt2, RNRAttempt1=Attempt1, Password=Uat@1234, UserId=3000, CustomerName=SreekanthH, Browser=Chrome}]]>
              </value>
            </param>
          </params>
          <reporter-output>
          </reporter-output>
        </test-method> <!-- loginTest -->
      </class> <!-- testCases.TeleCallerEntry -->
    </test> <!-- test1 -->
  </suite> <!-- suite1 -->
</testng-results>
