<?xml version="1.0" encoding="UTF-8"?>
<!-- Generated by org.testng.reporters.JUnitXMLReporter -->
<testsuite hostname="DT-TECH-2D80" ignored="2" name="test1" tests="3" failures="0" timestamp="24 Apr 2018 12:25:51 GMT" time="41.269" errors="0">
  <testcase name="loginTest" time="10.502" classname="testCases.UrlVerification"/>
  <testcase name="loginTest" time="12.756" classname="testCases.LoginFunctionality"/>
  <testcase name="loginTest" time="17.315" classname="testCases.LogoutFunctionality"/>
  <testcase name="@AfterTest quit" time="0.0" classname="testBase.BaseTest">
    <ignored/>
  </testcase> <!-- @AfterTest quit -->
  <testcase name="@AfterTest quit" time="0.0" classname="testBase.BaseTest">
    <ignored/>
  </testcase> <!-- @AfterTest quit -->
</testsuite> <!-- test1 -->
