<?xml version="1.0" encoding="UTF-8"?>
<!-- Generated by org.testng.reporters.JUnitXMLReporter -->
<testsuite hostname="DT-TECH-2D80" ignored="0" name="Default test" tests="5" failures="0" timestamp="04 Apr 2018 05:46:58 GMT" time="13.865" errors="0">
  <testcase name="loginTest" time="13.116" classname="testCases.UrlVerification"/>
  <testcase name="loginTest" time="0.001" classname="testCases.UrlVerification">
    <skipped/>
  </testcase> <!-- loginTest -->
  <testcase name="loginTest" time="0.0" classname="testCases.UrlVerification">
    <skipped/>
  </testcase> <!-- loginTest -->
  <testcase name="loginTest" time="0.0" classname="testCases.UrlVerification">
    <skipped/>
  </testcase> <!-- loginTest -->
  <testcase name="loginTest" time="0.0" classname="testCases.UrlVerification">
    <skipped/>
  </testcase> <!-- loginTest -->
</testsuite> <!-- Default test -->
