<?xml version="1.0" encoding="UTF-8"?>
<testng-results skipped="0" failed="0" ignored="0" total="1" passed="1">
  <reporter-output>
    <line>
      <![CDATA[ Test Case 0 : Verifty URL  - Passed]]>
    </line>
    <line>
      <![CDATA[ Test Case 1 : Verify the valid Login functionality - Passed]]>
    </line>
    <line>
      <![CDATA[ Test Case 2 : Logout - Passed]]>
    </line>
  </reporter-output>
  <suite name="Default suite" duration-ms="23087" started-at="2018-04-24T12:24:27Z" finished-at="2018-04-24T12:24:50Z">
    <groups>
    </groups>
    <test name="Default test" duration-ms="23087" started-at="2018-04-24T12:24:27Z" finished-at="2018-04-24T12:24:50Z">
      <class name="testBase.ExecuteTests">
        <test-method status="PASS" signature="testCase()[pri:1, instance:testBase.ExecuteTests@c46bcd4]" name="testCase" duration-ms="22868" started-at="2018-04-24T17:54:27Z" finished-at="2018-04-24T17:54:50Z">
          <reporter-output>
            <line>
              <![CDATA[ Test Case 0 : Verifty URL  - Passed]]>
            </line>
            <line>
              <![CDATA[ Test Case 1 : Verify the valid Login functionality - Passed]]>
            </line>
            <line>
              <![CDATA[ Test Case 2 : Logout - Passed]]>
            </line>
          </reporter-output>
        </test-method> <!-- testCase -->
        <test-method status="PASS" signature="quit()[pri:0, instance:testBase.ExecuteTests@c46bcd4]" name="quit" is-config="true" duration-ms="197" started-at="2018-04-24T17:54:50Z" finished-at="2018-04-24T17:54:50Z">
          <reporter-output>
          </reporter-output>
        </test-method> <!-- quit -->
      </class> <!-- testBase.ExecuteTests -->
    </test> <!-- Default test -->
  </suite> <!-- Default suite -->
</testng-results>
